<?xml version="1.0" encoding="UTF-8"?>
<!-- Generated by org.testng.reporters.JUnitReportReporter -->
<testsuite hostname="Lenovo-PC" failures="0" tests="2" name="testng.test.FirstTest" time="0.015" errors="0" timestamp="2023-07-24T15:22:30 IST" skipped="0">
  <testcase classname="testng.test.FirstTest" name="user1Login" time="0.004"/>
  <system-out/>
  <testcase classname="testng.test.FirstTest" name="user1SignIn" time="0.011"/>
  <system-out/>
</testsuite> <!-- testng.test.FirstTest -->
