<?xml version="1.0" encoding="UTF-8"?>
<!-- Generated by org.testng.reporters.JUnitReportReporter -->
<testsuite hostname="Lenovo-PC" failures="0" tests="3" name="testng.test.ThirdTest" time="0.037" errors="0" timestamp="2023-07-24T15:22:30 IST" skipped="0">
  <testcase classname="testng.test.ThirdTest" name="user3SignIn" time="0.009"/>
  <system-out/>
  <testcase classname="testng.test.ThirdTest" name="safeLogin" time="0.012"/>
  <system-out/>
  <testcase classname="testng.test.ThirdTest" name="user3Login" time="0.016"/>
  <system-out/>
</testsuite> <!-- testng.test.ThirdTest -->
