<?xml version="1.0" encoding="UTF-8"?>
<!-- Generated by org.testng.reporters.JUnitReportReporter -->
<testsuite hostname="Lenovo-PC" failures="0" tests="1" name="testng.test.GlobalValuesDerive" time="0.053" errors="0" timestamp="2023-07-24T14:29:58 IST" skipped="0">
  <testcase classname="testng.test.GlobalValuesDerive" name="getPropertiesData" time="0.053"/>
  <system-out/>
</testsuite> <!-- testng.test.GlobalValuesDerive -->
