<?xml version="1.0" encoding="UTF-8"?>
<!-- Generated by org.testng.reporters.JUnitReportReporter -->
<testsuite hostname="Lenovo-PC" failures="0" tests="2" name="testng.test.FirstTest" time="0.013" errors="0" timestamp="2023-07-23T21:04:33 IST" skipped="0">
  <testcase classname="testng.test.FirstTest" name="user1SignIn" time="0.012"/>
  <testcase classname="testng.test.FirstTest" name="user1Login" time="0.001"/>
</testsuite> <!-- testng.test.FirstTest -->
