<?xml version="1.0" encoding="UTF-8"?>
<!-- Generated by org.testng.reporters.JUnitReportReporter -->
<testsuite hostname="Lenovo-PC" failures="0" tests="2" name="testng.test.SecondTest" time="0.013" errors="0" timestamp="2023-07-23T21:04:51 IST" skipped="0">
  <testcase classname="testng.test.SecondTest" name="user2Login" time="0.012"/>
  <testcase classname="testng.test.SecondTest" name="user2SignIn" time="0.001"/>
</testsuite> <!-- testng.test.SecondTest -->
