<?xml version="1.0" encoding="UTF-8"?>
<!-- Generated by org.testng.reporters.JUnitReportReporter -->
<testsuite hostname="Lenovo-PC" failures="0" tests="2" name="testng.test.SecondTest" time="0.008" errors="0" timestamp="2023-07-24T17:13:40 IST" skipped="0">
  <testcase classname="testng.test.SecondTest" name="user2Login" time="0.007"/>
  <testcase classname="testng.test.SecondTest" name="user2SignIn" time="0.001"/>
</testsuite> <!-- testng.test.SecondTest -->
